<?xml version="1.0" encoding="UTF-8"?>
<!-- Generated by org.testng.reporters.JUnitXMLReporter -->
<testsuite hostname="MAC14847" name="Default test" tests="1"
	failures="0" timestamp="26 Jun 2016 09:51:52 GMT" time="0.022" errors="0">
	<testcase name="@BeforeMethod browserExecute" time="0.0"
		classname="TestCases.EstimateSizeCost_TC">
		<failure type="org.testng.TestNGException"
			message="
Parameter &amp;apos;browser&amp;apos; is required by @Configuration on method browserExecute but has not been marked @Optional or defined
in /private/var/folders/wv/s493_yzx467ds83mrzlmcx61lg4j4d/T/testng-eclipse-113664271/testng-customsuite.xml">
      <![CDATA[org.testng.TestNGException: 
Parameter 'browser' is required by @Configuration on method browserExecute but has not been marked @Optional or defined
in /private/var/folders/wv/s493_yzx467ds83mrzlmcx61lg4j4d/T/testng-eclipse-113664271/testng-customsuite.xml
	at org.testng.internal.Parameters.createParameters(Parameters.java:154)
	at org.testng.internal.Parameters.createParameters(Parameters.java:361)
	at org.testng.internal.Parameters.createConfigurationParameters(Parameters.java:84)
	at org.testng.internal.Invoker.invokeConfigurations(Invoker.java:202)
	at org.testng.internal.Invoker.invokeMethod(Invoker.java:590)
	at org.testng.internal.Invoker.invokeTestMethod(Invoker.java:823)
	at org.testng.internal.Invoker.invokeTestMethods(Invoker.java:1131)
	at org.testng.internal.TestMethodWorker.invokeTestMethods(TestMethodWorker.java:129)
	at org.testng.internal.TestMethodWorker.run(TestMethodWorker.java:112)
	at org.testng.TestRunner.privateRun(TestRunner.java:778)
	at org.testng.TestRunner.run(TestRunner.java:632)
	at org.testng.SuiteRunner.runTest(SuiteRunner.java:366)
	at org.testng.SuiteRunner.runSequentially(SuiteRunner.java:361)
	at org.testng.SuiteRunner.privateRun(SuiteRunner.java:319)
	at org.testng.SuiteRunner.run(SuiteRunner.java:268)
	at org.testng.SuiteRunnerWorker.runSuite(SuiteRunnerWorker.java:52)
	at org.testng.SuiteRunnerWorker.run(SuiteRunnerWorker.java:86)
	at org.testng.TestNG.runSuitesSequentially(TestNG.java:1225)
	at org.testng.TestNG.runSuitesLocally(TestNG.java:1150)
	at org.testng.TestNG.runSuites(TestNG.java:1075)
	at org.testng.TestNG.run(TestNG.java:1047)
	at org.testng.remote.AbstractRemoteTestNG.run(AbstractRemoteTestNG.java:126)
	at org.testng.remote.RemoteTestNG.initAndRun(RemoteTestNG.java:137)
	at org.testng.remote.RemoteTestNG.main(RemoteTestNG.java:58)
]]>
		</failure>
	</testcase> <!-- @BeforeMethod browserExecute -->
	<testcase name="verifyEstimateSizeCost" time="0.003"
		classname="TestCases.EstimateSizeCost_TC">
		<skipped />
	</testcase> <!-- verifyEstimateSizeCost -->
</testsuite> <!-- Default test -->
